# Confirm Python version and conda environment
echo "Using Python: $(which python)"
Using Python: /ix/ccdg/storage3/til177/custom_miniconda/envs/hugen_general/bin/python
python -V
Python 3.11.9
echo "Conda env: $CONDA_DEFAULT_ENV"
Conda env: hugen_general

# set up data directory
DATADIR='/ihome/hpark/til177/GitHub/cobb2060-2026s/Data_cobb2060/proj3'


######## RUN & TIME ########
start_time=$(date +%s)

echo "=== Task 1: Unsupervised clustering (k=4) ==="
=== Task 1: Unsupervised clustering (k=4) ===
t1=$(date +%s)
python sc_clustering_predCellOntology_pcaBased.py -d $DATADIR/mouse_spatial_brain_section1_modified.h5ad -k 4 -o clusters_1.npy # unsupervised clustering
/ix/ccdg/storage3/til177/custom_miniconda/envs/hugen_general/lib/python3.11/site-packages/umap/umap_.py:1952: UserWarning: n_jobs value 1 overridden to 1 by setting random_state. Use no seed for parallelism.
  warn(

>> Used column exisiting filter
(3293, 50)
echo "Task 1 duration: $(($(date +%s) - t1)) seconds"
Task 1 duration: 124 seconds


echo "=== Task 2: Unsupervised clustering (k=8) ==="
=== Task 2: Unsupervised clustering (k=8) ===
t2=$(date +%s)
python sc_clustering_predCellOntology_pcaBased.py -d $DATADIR/mouse_cortex_methods_comparison_log1p_cpm_modified.h5ad -k 8 -o clusters_2.npy
/ix/ccdg/storage3/til177/custom_miniconda/envs/hugen_general/lib/python3.11/site-packages/umap/umap_.py:1952: UserWarning: n_jobs value 1 overridden to 1 by setting random_state. Use no seed for parallelism.
  warn(

>> Used column exisiting filter
(2345, 50)
echo "Task 2 duration: $(($(date +%s) - t2)) seconds"
Task 2 duration: 48 seconds


echo "=== Task 3: Supervised labeling (brain section) ==="
=== Task 3: Supervised labeling (brain section) ===
t3=$(date +%s)
python sc_clustering_predCellOntology_pcaBased.py -t $DATADIR/mouse_spatial_brain_section0.h5ad -d $DATADIR/mouse_spatial_brain_section1_modified.h5ad -o clusters_3.npy
/ix/ccdg/storage3/til177/custom_miniconda/envs/hugen_general/lib/python3.11/site-packages/anndata/_core/anndata.py:1756: UserWarning: Observation names are not unique. To make them unique, call `.obs_names_make_unique`.
  utils.warn_names_duplicates("obs")
/ix/ccdg/storage3/til177/custom_miniconda/envs/hugen_general/lib/python3.11/site-packages/umap/umap_.py:1952: UserWarning: n_jobs value 1 overridden to 1 by setting random_state. Use no seed for parallelism.
  warn(
Numb of common genes shared between two data: 31053

>> Used column exisiting filter

>> Used column exisiting filter
Combined data shape: (6646, 531)
Combined PCA shape: (6646, 50)
Ground Truth Labels: Counter({'neuron': 1582, 'astrocyte': 760, 'oligodendrocyte': 598, 'oligodendrocyte precursor cell': 413})
['oligodendrocyte' 'neuron' 'oligodendrocyte precursor cell' 'neuron'
 'astrocyte']
[2 1 3 1 0]
Counter({1: 1570, 0: 777, 2: 545, 3: 401})
Counter({'neuron': 1570, 'astrocyte': 777, 'oligodendrocyte': 545, 'oligodendrocyte precursor cell': 401})
echo "Task 3 duration: $(($(date +%s) - t3)) seconds"
Task 3 duration: 88 seconds


echo "=== Task 4: Supervised labeling (cross-domain) ==="
=== Task 4: Supervised labeling (cross-domain) ===
t4=$(date +%s)
python sc_clustering_predCellOntology_pcaBased.py -t $DATADIR/mouse_spatial_brain_section0.h5ad -d $DATADIR/mouse_cortex_methods_comparison_log1p_cpm_modified.h5ad -o clusters_4.npy
/ix/ccdg/storage3/til177/custom_miniconda/envs/hugen_general/lib/python3.11/site-packages/anndata/_core/merge.py:1434: UserWarning: Only some AnnData objects have `.raw` attribute, not concatenating `.raw` attributes.
  warn(
/ix/ccdg/storage3/til177/custom_miniconda/envs/hugen_general/lib/python3.11/site-packages/umap/umap_.py:1952: UserWarning: n_jobs value 1 overridden to 1 by setting random_state. Use no seed for parallelism.
  warn(
Numb of common genes shared between two data: 22603

>> Used column exisiting filter

>> Used column exisiting filter
Combined data shape: (5698, 242)
Combined PCA shape: (5698, 50)
Ground Truth Labels: Counter({'neuron': 1582, 'astrocyte': 760, 'oligodendrocyte': 598, 'oligodendrocyte precursor cell': 413})
['oligodendrocyte' 'neuron' 'oligodendrocyte precursor cell' 'neuron'
 'astrocyte']
[2 1 3 1 0]
Counter({2: 2342, 1: 3})
Counter({'oligodendrocyte': 2342, 'neuron': 3})
echo "Task 4 duration: $(($(date +%s) - t4)) seconds"
Task 4 duration: 75 seconds

end_time=$(date +%s)
duration=$((end_time - start_time))
echo "Total duration: $duration seconds"
Total duration: 335 seconds

