# Confirm Python version and conda environment
echo "Using Python: $(which python)"
Using Python: /net/dali/home/mscbio/til177/.conda/envs/csb_gen/bin/python
python -V
Python 3.12.12
echo "Conda env: $CONDA_DEFAULT_ENV"
Conda env: csb_gen

# set up data directory
DATADIR='/net/dali/home/mscbio/til177/Github/cobb2060-2026s/project4_/data'


######## RUN & TIME ########
start_time=$(date +%s)

python assign4.py -g $DATADIR/mm10.fa -t $DATADIR/train.small.bed -m $DATADIR/cisBP_mouse.homer -p $DATADIR/test.small.bed -o out_small.npy
Loading motifs from /net/dali/home/mscbio/til177/Github/cobb2060-2026s/project4_/data/cisBP_mouse.homer...
>> Loaded 862 motifs
Loading genome from /net/dali/home/mscbio/til177/Github/cobb2060-2026s/project4_/data/mm10.fa...
>> Loaded 66 chromosomes
Loading training data from /net/dali/home/mscbio/til177/Github/cobb2060-2026s/project4_/data/train.small.bed...
>> Loaded 5000 training samples
Loading test data from /net/dali/home/mscbio/til177/Github/cobb2060-2026s/project4_/data/test.small.bed...
>> Loaded 5000 test samples
Extracting training sequences...
Extracting test sequences...
Featurizing training data...
>> Featurization took 13.17s
>> Feature matrix shape: (5000, 1724)
Featurizing test data...
>> Featurization took 13.15s
Training XGBoost model...
  Training took 17.39s
Making predictions...
Predictions saved to out_small.npy

Total time: 62.10s
python assign4.py -g $DATADIR/mm10.fa -t $DATADIR/train.B.bed -m $DATADIR/cisBP_mouse.homer -p $DATADIR/test.B.bed -o out_b.npy
Loading motifs from /net/dali/home/mscbio/til177/Github/cobb2060-2026s/project4_/data/cisBP_mouse.homer...
>> Loaded 862 motifs
Loading genome from /net/dali/home/mscbio/til177/Github/cobb2060-2026s/project4_/data/mm10.fa...
>> Loaded 66 chromosomes
Loading training data from /net/dali/home/mscbio/til177/Github/cobb2060-2026s/project4_/data/train.B.bed...
>> Loaded 461061 training samples
Loading test data from /net/dali/home/mscbio/til177/Github/cobb2060-2026s/project4_/data/test.B.bed...
>> Loaded 51534 test samples
Extracting training sequences...
Extracting test sequences...
Featurizing training data...
>> Featurization took 967.73s
>> Feature matrix shape: (461061, 1724)
Featurizing test data...
>> Featurization took 121.66s
Training XGBoost model...
  Training took 195.56s
Making predictions...
Predictions saved to out_b.npy

Total time: 1314.68s

end_time=$(date +%s)
duration=$((end_time - start_time))
echo "Total duration: $duration seconds"
Total duration: 1427 seconds

