Using Python: /net/dali/home/mscbio/til177/.conda/envs/csb_gen/bin/python
Python 3.12.12
Conda env: csb_gen
Device: cuda
Loaded preprocessed array: (5000000, 150)
Split: 4,750,000 train | 250,000 val  (val_frac=0.05, seed=42)
Train batches per epoch: 9,277 | Val size: 250,000

============================================================
Model Architecture:
  RNN cell type:   GRU
  Bidirectional:   True
  Embedding dim:   128
  Hidden size:     512
  Num layers:      2
  Dropout:         0.1
  Max length:      150
  Latent dim:      1024 (fixed)
  Vocab size:      28 (fixed)
  Model parameters: 12,429,340
Training:
  Batch size:      512
  Learning rate:   0.001
  Max epochs:      10
  Grad clip:       1.0
  *Word dropout:    0.3
  *KL max weight:   0.02

============================================================
Epoch 0 | Step 1000 | Loss 0.7268 | Recon 0.6266 | KL 95.9001 | KL_w 0.0010 | 218.9s
Epoch 0 | Step 2000 | Loss 0.4868 | Recon 0.3620 | KL 102.2557 | KL_w 0.0012 | 215.3s
Epoch 0 | Step 3000 | Loss 0.3980 | Recon 0.2625 | KL 95.1622 | KL_w 0.0014 | 215.7s
  [VAL] Step 3000 | Loss 2.0685 | *Recon 0.1205 | KL 97.4041
  [GEN] Step 3000 | Valid 28.0% | UniqueValid 84 | UniqueStr 300
  -> Saved best model (gen_valid_rate=28.0%, gen_unique_valid=84, val_recon=0.1205)
Epoch 0 | Step 4000 | Loss 0.3892 | Recon 0.2323 | KL 94.5539 | KL_w 0.0017 | 229.3s
Epoch 0 | Step 5000 | Loss 0.3707 | Recon 0.1959 | KL 90.7071 | KL_w 0.0019 | 215.6s
Epoch 0 | Step 6000 | Loss 0.3847 | Recon 0.1938 | KL 85.3742 | KL_w 0.0022 | 215.6s
  [VAL] Step 6000 | Loss 1.7917 | *Recon 0.0722 | KL 85.9763
  [GEN] Step 6000 | Valid 36.7% | UniqueValid 110 | UniqueStr 300
  -> Saved best model (gen_valid_rate=36.7%, gen_unique_valid=110, val_recon=0.0722)
Epoch 0 | Step 7000 | Loss 0.4063 | Recon 0.1952 | KL 81.6771 | KL_w 0.0026 | 228.7s
Epoch 0 | Step 8000 | Loss 0.4140 | Recon 0.1895 | KL 75.3526 | KL_w 0.0030 | 215.8s
Epoch 0 | Step 9000 | Loss 0.4499 | Recon 0.1998 | KL 73.0690 | KL_w 0.0034 | 215.6s
  [VAL] Step 9000 | Loss 1.5389 | *Recon 0.0745 | KL 73.2183
  [GEN] Step 9000 | Valid 43.3% | UniqueValid 130 | UniqueStr 300
  -> Saved best model (gen_valid_rate=43.3%, gen_unique_valid=130, val_recon=0.0745)

=== Epoch 0 done | AvgTrainLoss 0.4912 | AvgRecon 0.3252 | AvgKL 86.5275 ===

Epoch 1 | Step 10000 | Loss 0.4629 | Recon 0.1964 | KL 68.0455 | KL_w 0.0039 | 156.2s
Epoch 1 | Step 11000 | Loss 0.5090 | Recon 0.2219 | KL 64.3228 | KL_w 0.0045 | 215.8s
Epoch 1 | Step 12000 | Loss 0.5034 | Recon 0.2037 | KL 59.2252 | KL_w 0.0051 | 215.8s
  [VAL] Step 12000 | Loss 1.2822 | *Recon 0.0796 | KL 60.1315
  [GEN] Step 12000 | Valid 51.7% | UniqueValid 155 | UniqueStr 300
  -> Saved best model (gen_valid_rate=51.7%, gen_unique_valid=155, val_recon=0.0796)
Epoch 1 | Step 13000 | Loss 0.5735 | Recon 0.2494 | KL 56.7510 | KL_w 0.0057 | 230.2s
Epoch 1 | Step 14000 | Loss 0.5773 | Recon 0.2305 | KL 54.1274 | KL_w 0.0064 | 216.0s
Epoch 1 | Step 15000 | Loss 0.6387 | Recon 0.2755 | KL 50.8257 | KL_w 0.0071 | 215.8s
  [VAL] Step 15000 | Loss 1.1023 | *Recon 0.1026 | KL 49.9876
  [GEN] Step 15000 | Valid 59.3% | UniqueValid 178 | UniqueStr 300
  -> Saved best model (gen_valid_rate=59.3%, gen_unique_valid=178, val_recon=0.1026)
Epoch 1 | Step 16000 | Loss 0.6623 | Recon 0.2859 | KL 47.5082 | KL_w 0.0079 | 228.3s
Epoch 1 | Step 17000 | Loss 0.7222 | Recon 0.3318 | KL 44.7556 | KL_w 0.0087 | 215.7s
Epoch 1 | Step 18000 | Loss 0.7215 | Recon 0.3199 | KL 42.0825 | KL_w 0.0095 | 215.2s
  [VAL] Step 18000 | Loss 0.9687 | *Recon 0.1282 | KL 42.0234
  [GEN] Step 18000 | Valid 62.0% | UniqueValid 186 | UniqueStr 300
  -> Saved best model (gen_valid_rate=62.0%, gen_unique_valid=186, val_recon=0.1282)

=== Epoch 1 done | AvgTrainLoss 0.5956 | AvgRecon 0.2572 | AvgKL 54.7076 ===

Epoch 2 | Step 19000 | Loss 0.7131 | Recon 0.3014 | KL 39.7149 | KL_w 0.0104 | 98.1s
Epoch 2 | Step 20000 | Loss 0.7500 | Recon 0.3237 | KL 38.1113 | KL_w 0.0112 | 215.5s
Epoch 2 | Step 21000 | Loss 0.7898 | Recon 0.3681 | KL 35.1658 | KL_w 0.0120 | 215.6s
  [VAL] Step 21000 | Loss 0.8388 | *Recon 0.1366 | KL 35.1093
  [GEN] Step 21000 | Valid 64.3% | UniqueValid 193 | UniqueStr 300
  -> Saved best model (gen_valid_rate=64.3%, gen_unique_valid=193, val_recon=0.1366)
Epoch 2 | Step 22000 | Loss 0.8079 | Recon 0.3760 | KL 33.8201 | KL_w 0.0128 | 229.6s
Epoch 2 | Step 23000 | Loss 0.8452 | Recon 0.4149 | KL 31.8379 | KL_w 0.0135 | 215.2s
Epoch 2 | Step 24000 | Loss 0.8412 | Recon 0.4117 | KL 30.2172 | KL_w 0.0142 | 215.6s
  [VAL] Step 24000 | Loss 0.7625 | *Recon 0.1618 | KL 30.0308
  [GEN] Step 24000 | Valid 66.0% | UniqueValid 198 | UniqueStr 300
  -> Saved best model (gen_valid_rate=66.0%, gen_unique_valid=198, val_recon=0.1618)
Epoch 2 | Step 25000 | Loss 0.8610 | Recon 0.4329 | KL 28.7863 | KL_w 0.0149 | 228.9s
Epoch 2 | Step 26000 | Loss 0.8703 | Recon 0.4595 | KL 26.5508 | KL_w 0.0155 | 215.6s
Epoch 2 | Step 27000 | Loss 0.8873 | Recon 0.4862 | KL 25.0284 | KL_w 0.0160 | 215.8s
  [VAL] Step 27000 | Loss 0.7027 | *Recon 0.2025 | KL 25.0078
  [GEN] Step 27000 | Valid 67.7% | UniqueValid 203 | UniqueStr 300
  -> Saved best model (gen_valid_rate=67.7%, gen_unique_valid=203, val_recon=0.2025)

=== Epoch 2 done | AvgTrainLoss 0.8159 | AvgRecon 0.3971 | AvgKL 31.6944 ===

Epoch 3 | Step 28000 | Loss 0.9001 | Recon 0.5015 | KL 24.1227 | KL_w 0.0165 | 37.3s
Epoch 3 | Step 29000 | Loss 0.8923 | Recon 0.5099 | KL 22.5244 | KL_w 0.0170 | 215.9s
Epoch 3 | Step 30000 | Loss 0.8801 | Recon 0.5070 | KL 21.4753 | KL_w 0.0174 | 215.5s
  [VAL] Step 30000 | Loss 0.6660 | *Recon 0.2327 | KL 21.6655
  [GEN] Step 30000 | Valid 66.3% | UniqueValid 199 | UniqueStr 300
Epoch 3 | Step 31000 | Loss 0.8929 | Recon 0.5172 | KL 21.1940 | KL_w 0.0177 | 228.8s
Epoch 3 | Step 32000 | Loss 0.8940 | Recon 0.5223 | KL 20.6073 | KL_w 0.0180 | 215.6s
Epoch 3 | Step 33000 | Loss 0.9023 | Recon 0.5279 | KL 20.4398 | KL_w 0.0183 | 215.6s
  [VAL] Step 33000 | Loss 0.6455 | *Recon 0.2401 | KL 20.2680
  [GEN] Step 33000 | Valid 71.3% | UniqueValid 214 | UniqueStr 300
  -> Saved best model (gen_valid_rate=71.3%, gen_unique_valid=214, val_recon=0.2401)
Epoch 3 | Step 34000 | Loss 0.9071 | Recon 0.5423 | KL 19.6628 | KL_w 0.0186 | 229.0s
Epoch 3 | Step 35000 | Loss 0.9211 | Recon 0.5591 | KL 19.3004 | KL_w 0.0188 | 215.6s
Epoch 3 | Step 36000 | Loss 0.8983 | Recon 0.5450 | KL 18.6559 | KL_w 0.0189 | 215.7s
  [VAL] Step 36000 | Loss 0.6303 | *Recon 0.2563 | KL 18.6991
  [GEN] Step 36000 | Valid 70.0% | UniqueValid 210 | UniqueStr 300
Epoch 3 | Step 37000 | Loss 0.9065 | Recon 0.5554 | KL 18.3912 | KL_w 0.0191 | 228.5s

=== Epoch 3 done | AvgTrainLoss 0.9004 | AvgRecon 0.5311 | AvgKL 20.5351 ===

Epoch 4 | Step 38000 | Loss 0.9352 | Recon 0.5881 | KL 18.0569 | KL_w 0.0192 | 193.2s
Epoch 4 | Step 39000 | Loss 0.9044 | Recon 0.5605 | KL 17.7820 | KL_w 0.0193 | 215.7s
  [VAL] Step 39000 | Loss 0.6210 | *Recon 0.2697 | KL 17.5656
  [GEN] Step 39000 | Valid 75.0% | UniqueValid 225 | UniqueStr 300
  -> Saved best model (gen_valid_rate=75.0%, gen_unique_valid=225, val_recon=0.2697)
Epoch 4 | Step 40000 | Loss 0.9046 | Recon 0.5714 | KL 17.1446 | KL_w 0.0194 | 229.2s
Epoch 4 | Step 41000 | Loss 0.9164 | Recon 0.5784 | KL 17.3140 | KL_w 0.0195 | 215.8s
Epoch 4 | Step 42000 | Loss 0.9273 | Recon 0.6025 | KL 16.5747 | KL_w 0.0196 | 215.8s
  [VAL] Step 42000 | Loss 0.6169 | *Recon 0.2778 | KL 16.9561
  [GEN] Step 42000 | Valid 74.3% | UniqueValid 223 | UniqueStr 300
Epoch 4 | Step 43000 | Loss 0.9113 | Recon 0.5779 | KL 16.9631 | KL_w 0.0197 | 229.0s
Epoch 4 | Step 44000 | Loss 0.8983 | Recon 0.5717 | KL 16.5789 | KL_w 0.0197 | 215.6s
Epoch 4 | Step 45000 | Loss 0.9118 | Recon 0.5749 | KL 17.0581 | KL_w 0.0197 | 215.4s
  [VAL] Step 45000 | Loss 0.6108 | *Recon 0.2752 | KL 16.7830
  [GEN] Step 45000 | Valid 78.3% | UniqueValid 235 | UniqueStr 300
  -> Saved best model (gen_valid_rate=78.3%, gen_unique_valid=235, val_recon=0.2752)
Epoch 4 | Step 46000 | Loss 0.9295 | Recon 0.5955 | KL 16.8800 | KL_w 0.0198 | 230.9s

=== Epoch 4 done | AvgTrainLoss 0.9069 | AvgRecon 0.5713 | AvgKL 17.1842 ===

Epoch 5 | Step 47000 | Loss 0.9090 | Recon 0.5806 | KL 16.5654 | KL_w 0.0198 | 133.5s
Epoch 5 | Step 48000 | Loss 0.9066 | Recon 0.5776 | KL 16.5762 | KL_w 0.0198 | 215.5s
  [VAL] Step 48000 | Loss 0.6083 | *Recon 0.2751 | KL 16.6602
  [GEN] Step 48000 | Valid 77.7% | UniqueValid 233 | UniqueStr 300
Epoch 5 | Step 49000 | Loss 0.8981 | Recon 0.5675 | KL 16.6421 | KL_w 0.0199 | 229.5s
Epoch 5 | Step 50000 | Loss 0.8969 | Recon 0.5725 | KL 16.3071 | KL_w 0.0199 | 215.5s
Epoch 5 | Step 51000 | Loss 0.8936 | Recon 0.5599 | KL 16.7616 | KL_w 0.0199 | 215.6s
  [VAL] Step 51000 | Loss 0.6065 | *Recon 0.2760 | KL 16.5225
  [GEN] Step 51000 | Valid 75.0% | UniqueValid 225 | UniqueStr 300
Epoch 5 | Step 52000 | Loss 0.8949 | Recon 0.5666 | KL 16.4842 | KL_w 0.0199 | 228.8s
Epoch 5 | Step 53000 | Loss 0.9045 | Recon 0.5808 | KL 16.2400 | KL_w 0.0199 | 215.6s
Epoch 5 | Step 54000 | Loss 0.9151 | Recon 0.5882 | KL 16.3917 | KL_w 0.0199 | 215.7s
  [VAL] Step 54000 | Loss 0.6053 | *Recon 0.2770 | KL 16.4182
  [GEN] Step 54000 | Valid 77.3% | UniqueValid 232 | UniqueStr 300
Epoch 5 | Step 55000 | Loss 0.9102 | Recon 0.5827 | KL 16.4151 | KL_w 0.0200 | 228.9s

=== Epoch 5 done | AvgTrainLoss 0.9003 | AvgRecon 0.5715 | AvgKL 16.5279 ===

Epoch 6 | Step 56000 | Loss 0.8910 | Recon 0.5640 | KL 16.3857 | KL_w 0.0200 | 73.4s
Epoch 6 | Step 57000 | Loss 0.9119 | Recon 0.5844 | KL 16.4030 | KL_w 0.0200 | 215.7s
  [VAL] Step 57000 | Loss 0.6048 | *Recon 0.2743 | KL 16.5232
  [GEN] Step 57000 | Valid 79.3% | UniqueValid 238 | UniqueStr 300
  -> Saved best model (gen_valid_rate=79.3%, gen_unique_valid=238, val_recon=0.2743)
Epoch 6 | Step 58000 | Loss 0.8985 | Recon 0.5748 | KL 16.2077 | KL_w 0.0200 | 228.9s
Epoch 6 | Step 59000 | Loss 0.8793 | Recon 0.5450 | KL 16.7343 | KL_w 0.0200 | 215.7s
Epoch 6 | Step 60000 | Loss 0.8937 | Recon 0.5669 | KL 16.3604 | KL_w 0.0200 | 215.7s
  [VAL] Step 60000 | Loss 0.6038 | *Recon 0.2718 | KL 16.5977
  [GEN] Step 60000 | Valid 71.7% | UniqueValid 215 | UniqueStr 300
Epoch 6 | Step 61000 | Loss 0.8923 | Recon 0.5608 | KL 16.5901 | KL_w 0.0200 | 228.4s
Epoch 6 | Step 62000 | Loss 0.9023 | Recon 0.5727 | KL 16.4936 | KL_w 0.0200 | 215.9s
Epoch 6 | Step 63000 | Loss 0.8984 | Recon 0.5689 | KL 16.4820 | KL_w 0.0200 | 215.9s
  [VAL] Step 63000 | Loss 0.6021 | *Recon 0.2728 | KL 16.4663
  [GEN] Step 63000 | Valid 75.3% | UniqueValid 226 | UniqueStr 300
Epoch 6 | Step 64000 | Loss 0.8917 | Recon 0.5663 | KL 16.2798 | KL_w 0.0200 | 228.8s

=== Epoch 6 done | AvgTrainLoss 0.8937 | AvgRecon 0.5644 | AvgKL 16.4785 ===

Epoch 7 | Step 65000 | Loss 0.8868 | Recon 0.5533 | KL 16.6825 | KL_w 0.0200 | 13.8s
Epoch 7 | Step 66000 | Loss 0.8842 | Recon 0.5577 | KL 16.3335 | KL_w 0.0200 | 216.0s
  [VAL] Step 66000 | Loss 0.6011 | *Recon 0.2711 | KL 16.5017
  [GEN] Step 66000 | Valid 78.0% | UniqueValid 234 | UniqueStr 300
Epoch 7 | Step 67000 | Loss 0.8787 | Recon 0.5495 | KL 16.4646 | KL_w 0.0200 | 228.7s
Epoch 7 | Step 68000 | Loss 0.9034 | Recon 0.5719 | KL 16.5804 | KL_w 0.0200 | 216.0s
Epoch 7 | Step 69000 | Loss 0.8990 | Recon 0.5704 | KL 16.4320 | KL_w 0.0200 | 215.9s
  [VAL] Step 69000 | Loss 0.6023 | *Recon 0.2705 | KL 16.5899
  [GEN] Step 69000 | Valid 78.7% | UniqueValid 236 | UniqueStr 300
Epoch 7 | Step 70000 | Loss 0.8802 | Recon 0.5581 | KL 16.1099 | KL_w 0.0200 | 228.8s
Epoch 7 | Step 71000 | Loss 0.8676 | Recon 0.5389 | KL 16.4347 | KL_w 0.0200 | 215.9s
Epoch 7 | Step 72000 | Loss 0.8635 | Recon 0.5295 | KL 16.7008 | KL_w 0.0200 | 216.0s
  [VAL] Step 72000 | Loss 0.6011 | *Recon 0.2694 | KL 16.5841
  [GEN] Step 72000 | Valid 77.3% | UniqueValid 232 | UniqueStr 300
Epoch 7 | Step 73000 | Loss 0.8827 | Recon 0.5532 | KL 16.4796 | KL_w 0.0200 | 228.7s
Epoch 7 | Step 74000 | Loss 0.8680 | Recon 0.5353 | KL 16.6384 | KL_w 0.0200 | 215.9s

=== Epoch 7 done | AvgTrainLoss 0.8895 | AvgRecon 0.5590 | AvgKL 16.5303 ===

Epoch 8 | Step 75000 | Loss 0.8906 | Recon 0.5567 | KL 16.6958 | KL_w 0.0200 | 169.8s
  [VAL] Step 75000 | Loss 0.6000 | *Recon 0.2682 | KL 16.5931
  [GEN] Step 75000 | Valid 74.7% | UniqueValid 224 | UniqueStr 300
Epoch 8 | Step 76000 | Loss 0.8900 | Recon 0.5573 | KL 16.6340 | KL_w 0.0200 | 228.7s
Epoch 8 | Step 77000 | Loss 0.8873 | Recon 0.5522 | KL 16.7584 | KL_w 0.0200 | 215.9s
Epoch 8 | Step 78000 | Loss 0.9015 | Recon 0.5711 | KL 16.5211 | KL_w 0.0200 | 215.8s
  [VAL] Step 78000 | Loss 0.6007 | *Recon 0.2684 | KL 16.6147
  [GEN] Step 78000 | Valid 79.0% | UniqueValid 237 | UniqueStr 300
Epoch 8 | Step 79000 | Loss 0.8924 | Recon 0.5650 | KL 16.3736 | KL_w 0.0200 | 228.7s
Epoch 8 | Step 80000 | Loss 0.8804 | Recon 0.5492 | KL 16.5597 | KL_w 0.0200 | 215.9s
Epoch 8 | Step 81000 | Loss 0.9070 | Recon 0.5756 | KL 16.5713 | KL_w 0.0200 | 215.8s
  [VAL] Step 81000 | Loss 0.6000 | *Recon 0.2679 | KL 16.6085
  [GEN] Step 81000 | Valid 79.0% | UniqueValid 237 | UniqueStr 300
Epoch 8 | Step 82000 | Loss 0.8911 | Recon 0.5613 | KL 16.4906 | KL_w 0.0200 | 228.6s
Epoch 8 | Step 83000 | Loss 0.9031 | Recon 0.5739 | KL 16.4598 | KL_w 0.0200 | 215.8s

=== Epoch 8 done | AvgTrainLoss 0.8869 | AvgRecon 0.5553 | AvgKL 16.5840 ===

Epoch 9 | Step 84000 | Loss 0.8923 | Recon 0.5574 | KL 16.7464 | KL_w 0.0200 | 109.9s
  [VAL] Step 84000 | Loss 0.5995 | *Recon 0.2668 | KL 16.6387
  [GEN] Step 84000 | Valid 76.3% | UniqueValid 229 | UniqueStr 300
Epoch 9 | Step 85000 | Loss 0.8937 | Recon 0.5612 | KL 16.6235 | KL_w 0.0200 | 228.7s
Epoch 9 | Step 86000 | Loss 0.9002 | Recon 0.5671 | KL 16.6549 | KL_w 0.0200 | 215.8s
Epoch 9 | Step 87000 | Loss 0.8903 | Recon 0.5596 | KL 16.5364 | KL_w 0.0200 | 215.9s
  [VAL] Step 87000 | Loss 0.5990 | *Recon 0.2665 | KL 16.6228
  [GEN] Step 87000 | Valid 77.0% | UniqueValid 231 | UniqueStr 300
Epoch 9 | Step 88000 | Loss 0.9040 | Recon 0.5702 | KL 16.6916 | KL_w 0.0200 | 228.7s
Epoch 9 | Step 89000 | Loss 0.8960 | Recon 0.5584 | KL 16.8803 | KL_w 0.0200 | 215.7s
Epoch 9 | Step 90000 | Loss 0.8882 | Recon 0.5619 | KL 16.3152 | KL_w 0.0200 | 215.7s
  [VAL] Step 90000 | Loss 0.6002 | *Recon 0.2669 | KL 16.6666
  [GEN] Step 90000 | Valid 78.3% | UniqueValid 235 | UniqueStr 300
Epoch 9 | Step 91000 | Loss 0.8793 | Recon 0.5495 | KL 16.4921 | KL_w 0.0200 | 228.4s
Epoch 9 | Step 92000 | Loss 0.8856 | Recon 0.5505 | KL 16.7545 | KL_w 0.0200 | 215.5s

=== Epoch 9 done | AvgTrainLoss 0.8856 | AvgRecon 0.5529 | AvgKL 16.6352 ===

Training complete. Best val loss: 0.6048. Model saved to /net/dali/home/mscbio/til177/Github/cobb2060-2026s/project6_VAE_PubChemSMILES/code/run4_longMask_v3_genEval_default/out_v3JitScript/vae_decoder_len150_Mol5M_defaultVAE_JitScript.pth
Total duration: 20650 seconds
